{"name":"forAuthomatizationTest","status":"failed","statusDetails":{"known":false,"muted":false,"flaky":false,"message":"Invalid element state [By.xpath: //a[contains(text(), 'сет Ажиотаж')]]: element click intercepted: Element <a href=\"https://sushi-karate.ru/nn/menu/sets/psevdonim-215\" onclick=\"ecommerceClickOnProduct(event, [{\r\nScreenshot: file:/C:/Users/konev/OneDrive/Рабочий%20стол/ForTest/MyTest/TestOfOrderSushi/build/reports/tests/1721922092008.0.png\r\nPage source: file:/C:/Users/konev/OneDrive/Рабочий%20стол/ForTest/MyTest/TestOfOrderSushi/build/reports/tests/1721922092008.0.html\r\nTimeout: 4 s.\r\nCaused by: ElementClickInterceptedException: element click intercepted: Element <a href=\"https://sushi-karate.ru/nn/menu/sets/psevdonim-215\" onclick=\"ecommerceClickOnProduct(event, [{","trace":"Invalid element state [By.xpath: //a[contains(text(), 'сет Ажиотаж')]]: element click intercepted: Element <a href=\"https://sushi-karate.ru/nn/menu/sets/psevdonim-215\" onclick=\"ecommerceClickOnProduct(event, [{\r\nScreenshot: file:/C:/Users/konev/OneDrive/Рабочий%20стол/ForTest/MyTest/TestOfOrderSushi/build/reports/tests/1721922092008.0.png\r\nPage source: file:/C:/Users/konev/OneDrive/Рабочий%20стол/ForTest/MyTest/TestOfOrderSushi/build/reports/tests/1721922092008.0.html\r\nTimeout: 4 s.\r\nCaused by: ElementClickInterceptedException: element click intercepted: Element <a href=\"https://sushi-karate.ru/nn/menu/sets/psevdonim-215\" onclick=\"ecommerceClickOnProduct(event, [{\r\n\tat com.codeborne.selenide.impl.ExceptionWrapper.wrap(ExceptionWrapper.java:26)\r\n\tat com.codeborne.selenide.impl.SelenideElementProxy.dispatchAndRetry(SelenideElementProxy.java:154)\r\n\tat com.codeborne.selenide.impl.SelenideElementProxy.invoke(SelenideElementProxy.java:84)\r\n\tat jdk.proxy2/jdk.proxy2.$Proxy14.click(Unknown Source)\r\n\tat AuthomatizationTest.authomatizationPage.AuthomatizationPage.getChoose_Set(AuthomatizationPage.java:30)\r\n\tat AuthomatizationTest.authomatizationTest.AuthomatizationTest.forAuthomatizationTest(AuthomatizationTest.java:16)\r\n\tat java.base/jdk.internal.reflect.DirectMethodHandleAccessor.invoke(DirectMethodHandleAccessor.java:103)\r\n\tat java.base/java.lang.reflect.Method.invoke(Method.java:580)\r\n\tat org.testng.internal.MethodInvocationHelper.invokeMethod(MethodInvocationHelper.java:124)\r\n\tat org.testng.internal.Invoker.invokeMethod(Invoker.java:583)\r\n\tat org.testng.internal.Invoker.invokeTestMethod(Invoker.java:719)\r\n\tat org.testng.internal.Invoker.invokeTestMethods(Invoker.java:989)\r\n\tat org.testng.internal.TestMethodWorker.invokeTestMethods(TestMethodWorker.java:125)\r\n\tat org.testng.internal.TestMethodWorker.run(TestMethodWorker.java:109)\r\n\tat org.testng.TestRunner.privateRun(TestRunner.java:648)\r\n\tat org.testng.TestRunner.run(TestRunner.java:505)\r\n\tat org.testng.SuiteRunner.runTest(SuiteRunner.java:455)\r\n\tat org.testng.SuiteRunner.runSequentially(SuiteRunner.java:450)\r\n\tat org.testng.SuiteRunner.privateRun(SuiteRunner.java:415)\r\n\tat org.testng.SuiteRunner.run(SuiteRunner.java:364)\r\n\tat org.testng.SuiteRunnerWorker.runSuite(SuiteRunnerWorker.java:52)\r\n\tat org.testng.SuiteRunnerWorker.run(SuiteRunnerWorker.java:84)\r\n\tat org.testng.TestNG.runSuitesSequentially(TestNG.java:1208)\r\n\tat org.testng.TestNG.runSuitesLocally(TestNG.java:1137)\r\n\tat org.testng.TestNG.runSuites(TestNG.java:1049)\r\n\tat org.testng.TestNG.run(TestNG.java:1017)\r\n\tat com.intellij.rt.testng.IDEARemoteTestNG.run(IDEARemoteTestNG.java:65)\r\n\tat com.intellij.rt.testng.RemoteTestNGStarter.main(RemoteTestNGStarter.java:105)\r\nCaused by: org.openqa.selenium.ElementClickInterceptedException: element click intercepted: Element <a href=\"https://sushi-karate.ru/nn/menu/sets/psevdonim-215\" onclick=\"ecommerceClickOnProduct(event, [{\n\t\t\t\t\t'id':   '877',\n\t\t\t\t\t'name': 'сет Ажиотаж',\n\t\t\t\t\t'price': 1690,\n\t\t\t\t\t'category': 'Сеты',\n\t\t\t\t}])\">...</a> is not clickable at point (754, 637). Other element would receive the click: <div class=\"gift-prices\">...</div>\n  (Session info: chrome=126.0.6478.183)\nBuild info: version: '4.11.0', revision: '040bc5406b'\nSystem info: os.name: 'Windows 11', os.arch: 'amd64', os.version: '10.0', java.version: '22.0.1'\nDriver info: org.openqa.selenium.chrome.ChromeDriver\nCommand: [6e2a8ff5111471dbd6b3ef5d45d5a0e3, clickElement {id=f.0F0C4753C189582EB0DB146215096F9D.d.67A9559D99C4A007884A283FBC52BC09.e.225}]\nCapabilities {acceptInsecureCerts: true, browserName: chrome, browserVersion: 126.0.6478.183, chrome: {chromedriverVersion: 126.0.6478.182 (5b5d8292ddf..., userDataDir: C:\\Users\\konev\\AppData\\Loca...}, fedcm:accounts: true, goog:chromeOptions: {debuggerAddress: localhost:36775}, networkConnectionEnabled: false, pageLoadStrategy: normal, platformName: windows, proxy: Proxy(), se:cdp: ws://localhost:36775/devtoo..., se:cdpVersion: 126.0.6478.183, setWindowRect: true, strictFileInteractability: false, timeouts: {implicit: 0, pageLoad: 300000, script: 30000}, unhandledPromptBehavior: accept, webauthn:extension:credBlob: true, webauthn:extension:largeBlob: true, webauthn:extension:minPinLength: true, webauthn:extension:prf: true, webauthn:virtualAuthenticators: true}\nElement: [[ChromeDriver: chrome on windows (6e2a8ff5111471dbd6b3ef5d45d5a0e3)] -> xpath: //a[contains(text(), 'сет Ажиотаж')]]\nSession ID: 6e2a8ff5111471dbd6b3ef5d45d5a0e3\r\n\tat java.base/jdk.internal.reflect.DirectConstructorHandleAccessor.newInstance(DirectConstructorHandleAccessor.java:62)\r\n\tat java.base/java.lang.reflect.Constructor.newInstanceWithCaller(Constructor.java:502)\r\n\tat java.base/java.lang.reflect.Constructor.newInstance(Constructor.java:486)\r\n\tat org.openqa.selenium.remote.codec.w3c.W3CHttpResponseCodec.createException(W3CHttpResponseCodec.java:200)\r\n\tat org.openqa.selenium.remote.codec.w3c.W3CHttpResponseCodec.decode(W3CHttpResponseCodec.java:133)\r\n\tat org.openqa.selenium.remote.codec.w3c.W3CHttpResponseCodec.decode(W3CHttpResponseCodec.java:52)\r\n\tat org.openqa.selenium.remote.HttpCommandExecutor.execute(HttpCommandExecutor.java:191)\r\n\tat org.openqa.selenium.remote.service.DriverCommandExecutor.invokeExecute(DriverCommandExecutor.java:196)\r\n\tat org.openqa.selenium.remote.service.DriverCommandExecutor.execute(DriverCommandExecutor.java:171)\r\n\tat org.openqa.selenium.remote.RemoteWebDriver.execute(RemoteWebDriver.java:518)\r\n\tat org.openqa.selenium.remote.RemoteWebElement.execute(RemoteWebElement.java:224)\r\n\tat org.openqa.selenium.remote.RemoteWebElement.click(RemoteWebElement.java:77)\r\n\tat com.codeborne.selenide.commands.Click.defaultClick(Click.java:97)\r\n\tat com.codeborne.selenide.commands.Click.click(Click.java:54)\r\n\tat com.codeborne.selenide.commands.Click.execute(Click.java:31)\r\n\tat com.codeborne.selenide.commands.Click.execute(Click.java:21)\r\n\tat com.codeborne.selenide.commands.Commands.execute(Commands.java:163)\r\n\tat com.codeborne.selenide.impl.SelenideElementProxy.dispatchAndRetry(SelenideElementProxy.java:132)\r\n\t... 26 more\r\n"},"stage":"finished","steps":[],"attachments":[],"parameters":[],"start":1721922081161,"stop":1721922092251,"uuid":"7cdde520-3bed-4f1c-a45f-5be4feaceba4","historyId":"dc53dffe46dcebb8e20f5a99d6a0bbba","fullName":"AuthomatizationTest.authomatizationTest.AuthomatizationTest.forAuthomatizationTest","labels":[{"name":"package","value":"AuthomatizationTest.authomatizationTest.AuthomatizationTest"},{"name":"testClass","value":"AuthomatizationTest.authomatizationTest.AuthomatizationTest"},{"name":"testMethod","value":"forAuthomatizationTest"},{"name":"parentSuite","value":"Default Suite"},{"name":"suite","value":"TestOfOrderSushi"},{"name":"subSuite","value":"AuthomatizationTest.authomatizationTest.AuthomatizationTest"},{"name":"host","value":"MaxNout11"},{"name":"thread","value":"12900@MaxNout11.main(1)"},{"name":"framework","value":"testng"},{"name":"language","value":"java"}],"links":[]}