{"name":"forAuthorizationTest","status":"failed","statusDetails":{"known":false,"muted":false,"flaky":false,"message":"Invalid element state [By.xpath: //button[@class = 'login-form-btn']]: element click intercepted: Element <button class=\"login-form-btn\" type=\"submit\">...</button> is not clickable at point (235, 655). Other element would receive the click: <span class=\"text-nowrap\">...</span>\r\nScreenshot: file:/C:/Users/konev/OneDrive/Рабочий%20стол/ForTest/MyTest/TestOfOrderSushi/build/reports/tests/1721920820170.0.png\r\nPage source: file:/C:/Users/konev/OneDrive/Рабочий%20стол/ForTest/MyTest/TestOfOrderSushi/build/reports/tests/1721920820170.0.html\r\nTimeout: 4 s.\r\nCaused by: ElementClickInterceptedException: element click intercepted: Element <button class=\"login-form-btn\" type=\"submit\">...</button> is not clickable at point (235, 655). Other element would receive the click: <span class=\"text-nowrap\">...</span>","trace":"Invalid element state [By.xpath: //button[@class = 'login-form-btn']]: element click intercepted: Element <button class=\"login-form-btn\" type=\"submit\">...</button> is not clickable at point (235, 655). Other element would receive the click: <span class=\"text-nowrap\">...</span>\r\nScreenshot: file:/C:/Users/konev/OneDrive/Рабочий%20стол/ForTest/MyTest/TestOfOrderSushi/build/reports/tests/1721920820170.0.png\r\nPage source: file:/C:/Users/konev/OneDrive/Рабочий%20стол/ForTest/MyTest/TestOfOrderSushi/build/reports/tests/1721920820170.0.html\r\nTimeout: 4 s.\r\nCaused by: ElementClickInterceptedException: element click intercepted: Element <button class=\"login-form-btn\" type=\"submit\">...</button> is not clickable at point (235, 655). Other element would receive the click: <span class=\"text-nowrap\">...</span>\r\n\tat com.codeborne.selenide.impl.ExceptionWrapper.wrap(ExceptionWrapper.java:26)\r\n\tat com.codeborne.selenide.impl.SelenideElementProxy.dispatchAndRetry(SelenideElementProxy.java:154)\r\n\tat com.codeborne.selenide.impl.SelenideElementProxy.invoke(SelenideElementProxy.java:84)\r\n\tat jdk.proxy2/jdk.proxy2.$Proxy14.click(Unknown Source)\r\n\tat AuthorizationTest.authorizationPage.AuthorizationPage.tapEnterButton(AuthorizationPage.java:37)\r\n\tat AuthorizationTest.authorizationTest.AuthorizationTest.forAuthorizationTest(AuthorizationTest.java:21)\r\n\tat java.base/jdk.internal.reflect.DirectMethodHandleAccessor.invoke(DirectMethodHandleAccessor.java:103)\r\n\tat java.base/java.lang.reflect.Method.invoke(Method.java:580)\r\n\tat org.testng.internal.MethodInvocationHelper.invokeMethod(MethodInvocationHelper.java:124)\r\n\tat org.testng.internal.Invoker.invokeMethod(Invoker.java:583)\r\n\tat org.testng.internal.Invoker.invokeTestMethod(Invoker.java:719)\r\n\tat org.testng.internal.Invoker.invokeTestMethods(Invoker.java:989)\r\n\tat org.testng.internal.TestMethodWorker.invokeTestMethods(TestMethodWorker.java:125)\r\n\tat org.testng.internal.TestMethodWorker.run(TestMethodWorker.java:109)\r\n\tat org.testng.TestRunner.privateRun(TestRunner.java:648)\r\n\tat org.testng.TestRunner.run(TestRunner.java:505)\r\n\tat org.testng.SuiteRunner.runTest(SuiteRunner.java:455)\r\n\tat org.testng.SuiteRunner.runSequentially(SuiteRunner.java:450)\r\n\tat org.testng.SuiteRunner.privateRun(SuiteRunner.java:415)\r\n\tat org.testng.SuiteRunner.run(SuiteRunner.java:364)\r\n\tat org.testng.SuiteRunnerWorker.runSuite(SuiteRunnerWorker.java:52)\r\n\tat org.testng.SuiteRunnerWorker.run(SuiteRunnerWorker.java:84)\r\n\tat org.testng.TestNG.runSuitesSequentially(TestNG.java:1208)\r\n\tat org.testng.TestNG.runSuitesLocally(TestNG.java:1137)\r\n\tat org.testng.TestNG.runSuites(TestNG.java:1049)\r\n\tat org.testng.TestNG.run(TestNG.java:1017)\r\n\tat com.intellij.rt.testng.IDEARemoteTestNG.run(IDEARemoteTestNG.java:65)\r\n\tat com.intellij.rt.testng.RemoteTestNGStarter.main(RemoteTestNGStarter.java:105)\r\nCaused by: org.openqa.selenium.ElementClickInterceptedException: element click intercepted: Element <button class=\"login-form-btn\" type=\"submit\">...</button> is not clickable at point (235, 655). Other element would receive the click: <span class=\"text-nowrap\">...</span>\n  (Session info: chrome=126.0.6478.183)\nBuild info: version: '4.11.0', revision: '040bc5406b'\nSystem info: os.name: 'Windows 11', os.arch: 'amd64', os.version: '10.0', java.version: '22.0.1'\nDriver info: org.openqa.selenium.chrome.ChromeDriver\nCommand: [162651f78e6b4773efbf3b15a806da4d, clickElement {id=f.CCF9A8EE9A681F5B46A1374E7EC3755D.d.A24A9C7C820653AB2D767B98364A1005.e.37}]\nCapabilities {acceptInsecureCerts: true, browserName: chrome, browserVersion: 126.0.6478.183, chrome: {chromedriverVersion: 126.0.6478.182 (5b5d8292ddf..., userDataDir: C:\\Users\\konev\\AppData\\Loca...}, fedcm:accounts: true, goog:chromeOptions: {debuggerAddress: localhost:24407}, networkConnectionEnabled: false, pageLoadStrategy: normal, platformName: windows, proxy: Proxy(), se:cdp: ws://localhost:24407/devtoo..., se:cdpVersion: 126.0.6478.183, setWindowRect: true, strictFileInteractability: false, timeouts: {implicit: 0, pageLoad: 300000, script: 30000}, unhandledPromptBehavior: accept, webauthn:extension:credBlob: true, webauthn:extension:largeBlob: true, webauthn:extension:minPinLength: true, webauthn:extension:prf: true, webauthn:virtualAuthenticators: true}\nElement: [[ChromeDriver: chrome on windows (162651f78e6b4773efbf3b15a806da4d)] -> xpath: //button[@class = 'login-form-btn']]\nSession ID: 162651f78e6b4773efbf3b15a806da4d\r\n\tat java.base/jdk.internal.reflect.DirectConstructorHandleAccessor.newInstance(DirectConstructorHandleAccessor.java:62)\r\n\tat java.base/java.lang.reflect.Constructor.newInstanceWithCaller(Constructor.java:502)\r\n\tat java.base/java.lang.reflect.Constructor.newInstance(Constructor.java:486)\r\n\tat org.openqa.selenium.remote.codec.w3c.W3CHttpResponseCodec.createException(W3CHttpResponseCodec.java:200)\r\n\tat org.openqa.selenium.remote.codec.w3c.W3CHttpResponseCodec.decode(W3CHttpResponseCodec.java:133)\r\n\tat org.openqa.selenium.remote.codec.w3c.W3CHttpResponseCodec.decode(W3CHttpResponseCodec.java:52)\r\n\tat org.openqa.selenium.remote.HttpCommandExecutor.execute(HttpCommandExecutor.java:191)\r\n\tat org.openqa.selenium.remote.service.DriverCommandExecutor.invokeExecute(DriverCommandExecutor.java:196)\r\n\tat org.openqa.selenium.remote.service.DriverCommandExecutor.execute(DriverCommandExecutor.java:171)\r\n\tat org.openqa.selenium.remote.RemoteWebDriver.execute(RemoteWebDriver.java:518)\r\n\tat org.openqa.selenium.remote.RemoteWebElement.execute(RemoteWebElement.java:224)\r\n\tat org.openqa.selenium.remote.RemoteWebElement.click(RemoteWebElement.java:77)\r\n\tat com.codeborne.selenide.commands.Click.defaultClick(Click.java:97)\r\n\tat com.codeborne.selenide.commands.Click.click(Click.java:54)\r\n\tat com.codeborne.selenide.commands.Click.execute(Click.java:31)\r\n\tat com.codeborne.selenide.commands.Click.execute(Click.java:21)\r\n\tat com.codeborne.selenide.commands.Commands.execute(Commands.java:163)\r\n\tat com.codeborne.selenide.impl.SelenideElementProxy.dispatchAndRetry(SelenideElementProxy.java:132)\r\n\t... 26 more\r\n"},"stage":"finished","steps":[],"attachments":[],"parameters":[],"start":1721920809143,"stop":1721920820430,"uuid":"e25303f3-d3f5-4f9e-9703-f5ff64fab975","historyId":"441533b5ce7a72bf4e887703cbf0bf74","fullName":"AuthorizationTest.authorizationTest.AuthorizationTest.forAuthorizationTest","labels":[{"name":"package","value":"AuthorizationTest.authorizationTest.AuthorizationTest"},{"name":"testClass","value":"AuthorizationTest.authorizationTest.AuthorizationTest"},{"name":"testMethod","value":"forAuthorizationTest"},{"name":"parentSuite","value":"Default Suite"},{"name":"suite","value":"TestOfOrderSushi"},{"name":"subSuite","value":"AuthorizationTest.authorizationTest.AuthorizationTest"},{"name":"host","value":"MaxNout11"},{"name":"thread","value":"17284@MaxNout11.main(1)"},{"name":"framework","value":"testng"},{"name":"language","value":"java"}],"links":[]}